df1777
*   da89086 Merge branch 'b2'
|\  
| *   1fe606f Merge branch 'master' into b2
| |\  
| * | bd33878 b21
* | |   04e7940 Merge branch 'master' into b1
|\ \ \  
| | |/  
| |/|   
| * |   0882f8c Merge branch 'b2'
| |\ \  
| | |/  
| | * 9358c35 b2
* | | 4c2b4ef b11
|/ /  
* | 3500135 b1
|/  
* 48e1299 master


xz2139
*   abaa2c6 H
|\  
| *   0801409 G
| |\  
| * | f26d975 E
* | |   e056078 F
|\ \ \  
| | |/  
| |/|   
| * |   1e06831 X
| |\ \  
| | |/  
| | * 3386d41 B
* | | b092e49 D
|/ /  
* | 09556ec A
|/  
* 36eea0a master
