df1777
*   da89086 Merge branch 'b2'
|\  
| *   1fe606f Merge branch 'master' into b2
| |\  
| * | bd33878 b21
* | |   04e7940 Merge branch 'master' into b1
|\ \ \  
| | |/  
| |/|   
| * |   0882f8c Merge branch 'b2'
| |\ \  
| | |/  
| | * 9358c35 b2
* | | 4c2b4ef b11
|/ /  
* | 3500135 b1
|/  
* 48e1299 master


xz2139
*   abaa2c6 H
|\  
| *   0801409 G
| |\  
| * | f26d975 E
* | |   e056078 F
|\ \ \  
| | |/  
| |/|   
| * |   1e06831 X
| |\ \  
| | |/  
| | * 3386d41 B
* | | b092e49 D
|/ /  
* | 09556ec A
|/  
* 36eea0a master


yw1007
*   709d16f Merge branch 'b2'
|\  
| *   acf8175 Merge branch 'b21' into b2
| |\  
| | * e670267 6th overall
| * |   d9deaf5 Merge branch 'master' into b2
| |\ \  
| * | | b114925 1st on b21, 5th overall
| | |/  
| |/|   
* | |   817e6a9 Merge branch 'b11' into b1
|\ \ \  
| |_|/  
|/| |   
| * | 7590c72 1st on b11 (4 overall)
* | |   1a7d7ec Merge branch 'b2'
|\ \ \  
| |/ /  
|/| /   
| |/    
| * 31f1cc6 1st on b2 (3rd overall)
* | 26d2e10 1st on b1 (2nd overall)
|/  
* 0cba9f3 1st commit on master.
